\BOOKMARK [1][-]{section*.2}{\376\377\000T\000e\000a\000m\000\040\000D\000e\000t\000a\000i\000l\000s}{}% 1
\BOOKMARK [1][-]{section.1}{\376\377\000A\000b\000s\000t\000r\000a\000c\000t}{}% 2
\BOOKMARK [1][-]{section.2}{\376\377\000I\000n\000t\000r\000o\000d\000u\000c\000t\000i\000o\000n}{}% 3
\BOOKMARK [2][-]{subsection.2.1}{\376\377\000B\000a\000c\000k\000g\000r\000o\000u\000n\000d\000\040\000a\000n\000d\000\040\000M\000o\000t\000i\000v\000a\000t\000i\000o\000n}{section.2}% 4
\BOOKMARK [2][-]{subsection.2.2}{\376\377\000P\000r\000o\000b\000l\000e\000m\000\040\000S\000t\000a\000t\000e\000m\000e\000n\000t}{section.2}% 5
\BOOKMARK [2][-]{subsection.2.3}{\376\377\000O\000b\000j\000e\000c\000t\000i\000v\000e\000s}{section.2}% 6
\BOOKMARK [2][-]{subsection.2.4}{\376\377\000S\000c\000o\000p\000e\000\040\000a\000n\000d\000\040\000L\000i\000m\000i\000t\000a\000t\000i\000o\000n\000s}{section.2}% 7
\BOOKMARK [1][-]{section.3}{\376\377\000L\000i\000t\000e\000r\000a\000t\000u\000r\000e\000\040\000R\000e\000v\000i\000e\000w}{}% 8
\BOOKMARK [2][-]{subsection.3.1}{\376\377\000P\000o\000i\000n\000t\000\040\000C\000l\000o\000u\000d\000\040\000C\000l\000a\000s\000s\000i\000f\000i\000c\000a\000t\000i\000o\000n}{section.3}% 9
\BOOKMARK [2][-]{subsection.3.2}{\376\377\000D\000i\000g\000i\000t\000a\000l\000\040\000T\000e\000r\000r\000a\000i\000n\000\040\000M\000o\000d\000e\000l\000\040\000G\000e\000n\000e\000r\000a\000t\000i\000o\000n}{section.3}% 10
\BOOKMARK [2][-]{subsection.3.3}{\376\377\000H\000y\000d\000r\000o\000l\000o\000g\000i\000c\000a\000l\000\040\000A\000n\000a\000l\000y\000s\000i\000s}{section.3}% 11
\BOOKMARK [2][-]{subsection.3.4}{\376\377\000W\000a\000t\000e\000r\000l\000o\000g\000g\000i\000n\000g\000\040\000P\000r\000e\000d\000i\000c\000t\000i\000o\000n}{section.3}% 12
\BOOKMARK [2][-]{subsection.3.5}{\376\377\000D\000r\000a\000i\000n\000a\000g\000e\000\040\000N\000e\000t\000w\000o\000r\000k\000\040\000D\000e\000s\000i\000g\000n}{section.3}% 13
\BOOKMARK [1][-]{section.4}{\376\377\000M\000e\000t\000h\000o\000d\000o\000l\000o\000g\000y}{}% 14
\BOOKMARK [2][-]{subsection.4.1}{\376\377\000S\000t\000u\000d\000y\000\040\000A\000r\000e\000a\000\040\000a\000n\000d\000\040\000D\000a\000t\000a}{section.4}% 15
\BOOKMARK [2][-]{subsection.4.2}{\376\377\000S\000y\000s\000t\000e\000m\000\040\000A\000r\000c\000h\000i\000t\000e\000c\000t\000u\000r\000e}{section.4}% 16
\BOOKMARK [2][-]{subsection.4.3}{\376\377\000S\000t\000a\000g\000e\000\040\0001\000:\000\040\000D\000a\000t\000a\000\040\000I\000n\000s\000p\000e\000c\000t\000i\000o\000n}{section.4}% 17
\BOOKMARK [2][-]{subsection.4.4}{\376\377\000S\000t\000a\000g\000e\000\040\0002\000:\000\040\000G\000r\000o\000u\000n\000d\000\040\000C\000l\000a\000s\000s\000i\000f\000i\000c\000a\000t\000i\000o\000n}{section.4}% 18
\BOOKMARK [2][-]{subsection.4.5}{\376\377\000S\000t\000a\000g\000e\000\040\0003\000:\000\040\000D\000T\000M\000\040\000G\000e\000n\000e\000r\000a\000t\000i\000o\000n}{section.4}% 19
\BOOKMARK [2][-]{subsection.4.6}{\376\377\000S\000t\000a\000g\000e\000\040\0004\000:\000\040\000H\000y\000d\000r\000o\000l\000o\000g\000i\000c\000a\000l\000\040\000A\000n\000a\000l\000y\000s\000i\000s}{section.4}% 20
\BOOKMARK [2][-]{subsection.4.7}{\376\377\000S\000t\000a\000g\000e\000\040\0005\000:\000\040\000W\000a\000t\000e\000r\000l\000o\000g\000g\000i\000n\000g\000\040\000P\000r\000e\000d\000i\000c\000t\000i\000o\000n}{section.4}% 21
\BOOKMARK [2][-]{subsection.4.8}{\376\377\000S\000t\000a\000g\000e\000\040\0006\000:\000\040\000D\000r\000a\000i\000n\000a\000g\000e\000\040\000N\000e\000t\000w\000o\000r\000k\000\040\000D\000e\000s\000i\000g\000n}{section.4}% 22
\BOOKMARK [1][-]{section.5}{\376\377\000I\000m\000p\000l\000e\000m\000e\000n\000t\000a\000t\000i\000o\000n}{}% 23
\BOOKMARK [2][-]{subsection.5.1}{\376\377\000S\000o\000f\000t\000w\000a\000r\000e\000\040\000S\000t\000a\000c\000k}{section.5}% 24
\BOOKMARK [2][-]{subsection.5.2}{\376\377\000D\000i\000r\000e\000c\000t\000o\000r\000y\000\040\000S\000t\000r\000u\000c\000t\000u\000r\000e}{section.5}% 25
\BOOKMARK [2][-]{subsection.5.3}{\376\377\000C\000o\000n\000f\000i\000g\000u\000r\000a\000t\000i\000o\000n\000\040\000M\000a\000n\000a\000g\000e\000m\000e\000n\000t}{section.5}% 26
\BOOKMARK [2][-]{subsection.5.4}{\376\377\000I\000n\000s\000t\000a\000l\000l\000a\000t\000i\000o\000n\000\040\000\050\000p\000i\000p\000-\000b\000a\000s\000e\000d\000\051}{section.5}% 27
\BOOKMARK [2][-]{subsection.5.5}{\376\377\000C\000o\000m\000m\000a\000n\000d\000-\000L\000i\000n\000e\000\040\000I\000n\000t\000e\000r\000f\000a\000c\000e}{section.5}% 28
\BOOKMARK [1][-]{section.6}{\376\377\000R\000e\000s\000u\000l\000t\000s\000\040\000a\000n\000d\000\040\000D\000i\000s\000c\000u\000s\000s\000i\000o\000n}{}% 29
\BOOKMARK [2][-]{subsection.6.1}{\376\377\000G\000r\000o\000u\000n\000d\000\040\000C\000l\000a\000s\000s\000i\000f\000i\000c\000a\000t\000i\000o\000n\000\040\000R\000e\000s\000u\000l\000t\000s}{section.6}% 30
\BOOKMARK [2][-]{subsection.6.2}{\376\377\000D\000T\000M\000\040\000Q\000u\000a\000l\000i\000t\000y\000\040\000A\000s\000s\000e\000s\000s\000m\000e\000n\000t}{section.6}% 31
\BOOKMARK [2][-]{subsection.6.3}{\376\377\000H\000y\000d\000r\000o\000l\000o\000g\000i\000c\000a\000l\000\040\000A\000n\000a\000l\000y\000s\000i\000s}{section.6}% 32
\BOOKMARK [2][-]{subsection.6.4}{\376\377\000W\000a\000t\000e\000r\000l\000o\000g\000g\000i\000n\000g\000\040\000P\000r\000e\000d\000i\000c\000t\000i\000o\000n}{section.6}% 33
\BOOKMARK [2][-]{subsection.6.5}{\376\377\000D\000r\000a\000i\000n\000a\000g\000e\000\040\000N\000e\000t\000w\000o\000r\000k\000\040\000D\000e\000s\000i\000g\000n}{section.6}% 34
\BOOKMARK [2][-]{subsection.6.6}{\376\377\000O\000u\000t\000p\000u\000t\000\040\000P\000r\000o\000d\000u\000c\000t\000s}{section.6}% 35
\BOOKMARK [1][-]{section.7}{\376\377\000M\000o\000d\000e\000l\000\040\000A\000r\000c\000h\000i\000t\000e\000c\000t\000u\000r\000e\000\040\000a\000n\000d\000\040\000T\000r\000a\000i\000n\000i\000n\000g}{}% 36
\BOOKMARK [2][-]{subsection.7.1}{\376\377\000R\000a\000n\000d\000o\000m\000\040\000F\000o\000r\000e\000s\000t\000\040\000C\000l\000a\000s\000s\000i\000f\000i\000e\000r}{section.7}% 37
\BOOKMARK [2][-]{subsection.7.2}{\376\377\000X\000G\000B\000o\000o\000s\000t\000\040\000W\000a\000t\000e\000r\000l\000o\000g\000g\000i\000n\000g\000\040\000P\000r\000e\000d\000i\000c\000t\000o\000r}{section.7}% 38
\BOOKMARK [2][-]{subsection.7.3}{\376\377\000P\000o\000i\000n\000t\000N\000e\000t\000\040\000\050\000O\000p\000t\000i\000o\000n\000a\000l\000\040\000D\000e\000e\000p\000\040\000L\000e\000a\000r\000n\000i\000n\000g\000\051}{section.7}% 39
\BOOKMARK [2][-]{subsection.7.4}{\376\377\000D\000e\000p\000l\000o\000y\000m\000e\000n\000t\000\040\000G\000u\000i\000d\000e\000l\000i\000n\000e\000s}{section.7}% 40
\BOOKMARK [1][-]{section.8}{\376\377\000A\000c\000c\000u\000r\000a\000c\000y\000\040\000M\000e\000t\000r\000i\000c\000s\000\040\000a\000n\000d\000\040\000V\000a\000l\000i\000d\000a\000t\000i\000o\000n}{}% 41
\BOOKMARK [2][-]{subsection.8.1}{\376\377\000G\000r\000o\000u\000n\000d\000\040\000C\000l\000a\000s\000s\000i\000f\000i\000c\000a\000t\000i\000o\000n\000\040\000M\000e\000t\000r\000i\000c\000s}{section.8}% 42
\BOOKMARK [2][-]{subsection.8.2}{\376\377\000D\000T\000M\000\040\000A\000c\000c\000u\000r\000a\000c\000y}{section.8}% 43
\BOOKMARK [2][-]{subsection.8.3}{\376\377\000W\000a\000t\000e\000r\000l\000o\000g\000g\000i\000n\000g\000\040\000M\000o\000d\000e\000l}{section.8}% 44
\BOOKMARK [2][-]{subsection.8.4}{\376\377\000D\000r\000a\000i\000n\000a\000g\000e\000\040\000N\000e\000t\000w\000o\000r\000k}{section.8}% 45
\BOOKMARK [1][-]{section.9}{\376\377\000C\000o\000n\000c\000l\000u\000s\000i\000o\000n\000\040\000a\000n\000d\000\040\000F\000u\000t\000u\000r\000e\000\040\000W\000o\000r\000k}{}% 46
\BOOKMARK [2][-]{subsection.9.1}{\376\377\000S\000u\000m\000m\000a\000r\000y}{section.9}% 47
\BOOKMARK [2][-]{subsection.9.2}{\376\377\000R\000e\000c\000o\000m\000m\000e\000n\000d\000a\000t\000i\000o\000n\000s\000\040\000f\000o\000r\000\040\000F\000u\000t\000u\000r\000e\000\040\000I\000m\000p\000r\000o\000v\000e\000m\000e\000n\000t\000s}{section.9}% 48
\BOOKMARK [2][-]{subsection.9.3}{\376\377\000A\000c\000k\000n\000o\000w\000l\000e\000d\000g\000m\000e\000n\000t\000s}{section.9}% 49
\BOOKMARK [1][-]{section.10}{\376\377\000A\000p\000p\000e\000n\000d\000i\000c\000e\000s}{}% 50
\BOOKMARK [2][-]{subsection.10.1}{\376\377\000A\000p\000p\000e\000n\000d\000i\000x\000\040\000A\000:\000\040\000I\000n\000s\000t\000a\000l\000l\000a\000t\000i\000o\000n\000\040\000G\000u\000i\000d\000e}{section.10}% 51
\BOOKMARK [2][-]{subsection.10.2}{\376\377\000A\000p\000p\000e\000n\000d\000i\000x\000\040\000B\000:\000\040\000C\000o\000n\000f\000i\000g\000u\000r\000a\000t\000i\000o\000n\000\040\000P\000a\000r\000a\000m\000e\000t\000e\000r\000s}{section.10}% 52
\BOOKMARK [2][-]{subsection.10.3}{\376\377\000A\000p\000p\000e\000n\000d\000i\000x\000\040\000C\000:\000\040\000S\000a\000m\000p\000l\000e\000\040\000O\000u\000t\000p\000u\000t\000\040\000F\000i\000l\000e\000s}{section.10}% 53
\BOOKMARK [1][-]{section.11}{\376\377\000R\000e\000f\000e\000r\000e\000n\000c\000e\000s}{}% 54
